🚀 Server running on port 3001
📊 API available at http://localhost:3001/api
🏥 Health check: http://localhost:3001/api/health
DB connected
🔗 Database connected
DB initialized
✅ Database initialized successfully
DB initialized
✅ Database initialized successfully
✅ Database initialized successfully
::1 - - [13/Nov/2025:18:33:01 +0000] "POST /api/auth/register HTTP/1.1" 201 219 "-" "Mozilla/5.0 (Windows NT; Windows NT 10.0; fr-FR) WindowsPowerShell/5.1.26100.7019"
::1 - - [13/Nov/2025:18:33:10 +0000] "POST /api/auth/login HTTP/1.1" 200 219 "-" "Mozilla/5.0 (Windows NT; Windows NT 10.0; fr-FR) WindowsPowerShell/5.1.26100.7019"
::1 - - [13/Nov/2025:18:33:36 +0000] "GET / HTTP/1.1" 404 32 "-" "Mozilla/5.0 (Windows NT 10.0; Win64; x64) AppleWebKit/537.36 (KHTML, like Gecko) Chrome/142.0.0.0 Safari/537.36 Edg/142.0.0.0"
::1 - - [13/Nov/2025:18:33:37 +0000] "GET /favicon.ico HTTP/1.1" 404 32 "-" "Mozilla/5.0 (Windows NT 10.0; Win64; x64) AppleWebKit/537.36 (KHTML, like Gecko) Chrome/142.0.0.0 Safari/537.36 Edg/142.0.0.0"
Metrics: {
  connected: true,
  database: 'C:\\Users\\DELL\\Desktop\\ahmed\\stage\\app-stage\\server\\database.sqlite'
}
Metrics: {
  connected: true,
  database: 'C:\\Users\\DELL\\Desktop\\ahmed\\stage\\app-stage\\server\\database.sqlite'
}
::1 - - [13/Nov/2025:18:46:22 +0000] "POST /api/auth/login HTTP/1.1" 401 33 "http://localhost:3000/" "Mozilla/5.0 (Windows NT 10.0; Win64; x64) AppleWebKit/537.36 (KHTML, like Gecko) electron-admin-app/1.0.0 Chrome/120.0.6099.291 Electron/28.3.3 Safari/537.36"
Metrics: {
  connected: true,
  database: 'C:\\Users\\DELL\\Desktop\\ahmed\\stage\\app-stage\\server\\database.sqlite'
}
::1 - - [13/Nov/2025:18:47:40 +0000] "POST /api/auth/register HTTP/1.1" 201 209 "http://localhost:3000/" "Mozilla/5.0 (Windows NT 10.0; Win64; x64) AppleWebKit/537.36 (KHTML, like Gecko) electron-admin-app/1.0.0 Chrome/120.0.6099.291 Electron/28.3.3 Safari/537.36"
::1 - - [13/Nov/2025:18:47:40 +0000] "GET /api/auth/profile HTTP/1.1" 403 38 "http://localhost:3000/" "Mozilla/5.0 (Windows NT 10.0; Win64; x64) AppleWebKit/537.36 (KHTML, like Gecko) electron-admin-app/1.0.0 Chrome/120.0.6099.291 Electron/28.3.3 Safari/537.36"
::1 - - [13/Nov/2025:18:47:55 +0000] "POST /api/auth/register HTTP/1.1" 409 34 "http://localhost:3000/" "Mozilla/5.0 (Windows NT 10.0; Win64; x64) AppleWebKit/537.36 (KHTML, like Gecko) electron-admin-app/1.0.0 Chrome/120.0.6099.291 Electron/28.3.3 Safari/537.36"
::1 - - [13/Nov/2025:18:48:13 +0000] "POST /api/auth/register HTTP/1.1" 201 215 "http://localhost:3000/" "Mozilla/5.0 (Windows NT 10.0; Win64; x64) AppleWebKit/537.36 (KHTML, like Gecko) electron-admin-app/1.0.0 Chrome/120.0.6099.291 Electron/28.3.3 Safari/537.36"
::1 - - [13/Nov/2025:18:48:13 +0000] "GET /api/auth/profile HTTP/1.1" 403 38 "http://localhost:3000/" "Mozilla/5.0 (Windows NT 10.0; Win64; x64) AppleWebKit/537.36 (KHTML, like Gecko) electron-admin-app/1.0.0 Chrome/120.0.6099.291 Electron/28.3.3 Safari/537.36"
::1 - - [13/Nov/2025:18:48:34 +0000] "POST /api/auth/login HTTP/1.1" 200 209 "http://localhost:3000/" "Mozilla/5.0 (Windows NT 10.0; Win64; x64) AppleWebKit/537.36 (KHTML, like Gecko) electron-admin-app/1.0.0 Chrome/120.0.6099.291 Electron/28.3.3 Safari/537.36"
::1 - - [13/Nov/2025:18:48:34 +0000] "GET /api/auth/profile HTTP/1.1" 403 38 "http://localhost:3000/" "Mozilla/5.0 (Windows NT 10.0; Win64; x64) AppleWebKit/537.36 (KHTML, like Gecko) electron-admin-app/1.0.0 Chrome/120.0.6099.291 Electron/28.3.3 Safari/537.36"
::1 - - [13/Nov/2025:18:48:40 +0000] "POST /api/auth/login HTTP/1.1" 200 215 "http://localhost:3000/" "Mozilla/5.0 (Windows NT 10.0; Win64; x64) AppleWebKit/537.36 (KHTML, like Gecko) electron-admin-app/1.0.0 Chrome/120.0.6099.291 Electron/28.3.3 Safari/537.36"
::1 - - [13/Nov/2025:18:48:41 +0000] "GET /api/auth/profile HTTP/1.1" 403 38 "http://localhost:3000/" "Mozilla/5.0 (Windows NT 10.0; Win64; x64) AppleWebKit/537.36 (KHTML, like Gecko) electron-admin-app/1.0.0 Chrome/120.0.6099.291 Electron/28.3.3 Safari/537.36"
Metrics: {
  connected: true,
  database: 'C:\\Users\\DELL\\Desktop\\ahmed\\stage\\app-stage\\server\\database.sqlite'
}
::1 - - [13/Nov/2025:18:52:47 +0000] "POST /api/auth/login HTTP/1.1" 200 219 "http://localhost:3000/" "Mozilla/5.0 (Windows NT 10.0; Win64; x64) AppleWebKit/537.36 (KHTML, like Gecko) electron-admin-app/1.0.0 Chrome/120.0.6099.291 Electron/28.3.3 Safari/537.36"
::1 - - [13/Nov/2025:18:52:47 +0000] "GET /api/auth/profile HTTP/1.1" 403 38 "http://localhost:3000/" "Mozilla/5.0 (Windows NT 10.0; Win64; x64) AppleWebKit/537.36 (KHTML, like Gecko) electron-admin-app/1.0.0 Chrome/120.0.6099.291 Electron/28.3.3 Safari/537.36"
::1 - - [13/Nov/2025:18:53:03 +0000] "POST /api/auth/login HTTP/1.1" 200 209 "http://localhost:3000/" "Mozilla/5.0 (Windows NT 10.0; Win64; x64) AppleWebKit/537.36 (KHTML, like Gecko) electron-admin-app/1.0.0 Chrome/120.0.6099.291 Electron/28.3.3 Safari/537.36"
::1 - - [13/Nov/2025:18:53:03 +0000] "GET /api/auth/profile HTTP/1.1" 403 38 "http://localhost:3000/" "Mozilla/5.0 (Windows NT 10.0; Win64; x64) AppleWebKit/537.36 (KHTML, like Gecko) electron-admin-app/1.0.0 Chrome/120.0.6099.291 Electron/28.3.3 Safari/537.36"
::1 - - [13/Nov/2025:18:53:15 +0000] "POST /api/auth/login HTTP/1.1" 401 33 "http://localhost:3000/" "Mozilla/5.0 (Windows NT 10.0; Win64; x64) AppleWebKit/537.36 (KHTML, like Gecko) Chrome/142.0.0.0 Safari/537.36 Edg/142.0.0.0"
::1 - - [13/Nov/2025:18:53:18 +0000] "POST /api/auth/login HTTP/1.1" 200 209 "http://localhost:3000/" "Mozilla/5.0 (Windows NT 10.0; Win64; x64) AppleWebKit/537.36 (KHTML, like Gecko) Chrome/142.0.0.0 Safari/537.36 Edg/142.0.0.0"
::1 - - [13/Nov/2025:18:53:18 +0000] "GET /api/auth/profile HTTP/1.1" 403 38 "http://localhost:3000/" "Mozilla/5.0 (Windows NT 10.0; Win64; x64) AppleWebKit/537.36 (KHTML, like Gecko) Chrome/142.0.0.0 Safari/537.36 Edg/142.0.0.0"
::1 - - [13/Nov/2025:18:53:25 +0000] "GET /login HTTP/1.1" 404 32 "-" "Mozilla/5.0 (Windows NT 10.0; Win64; x64) AppleWebKit/537.36 (KHTML, like Gecko) Chrome/142.0.0.0 Safari/537.36 Edg/142.0.0.0"
::1 - - [13/Nov/2025:18:53:28 +0000] "GET /api/auth/profile HTTP/1.1" 403 38 "http://localhost:3000/" "Mozilla/5.0 (Windows NT 10.0; Win64; x64) AppleWebKit/537.36 (KHTML, like Gecko) Chrome/142.0.0.0 Safari/537.36 Edg/142.0.0.0"
::1 - - [13/Nov/2025:18:53:28 +0000] "GET /api/auth/profile HTTP/1.1" 403 38 "http://localhost:3000/" "Mozilla/5.0 (Windows NT 10.0; Win64; x64) AppleWebKit/537.36 (KHTML, like Gecko) Chrome/142.0.0.0 Safari/537.36 Edg/142.0.0.0"
::1 - - [13/Nov/2025:18:53:42 +0000] "POST /api/auth/login HTTP/1.1" 200 219 "http://localhost:3000/" "Mozilla/5.0 (Windows NT 10.0; Win64; x64) AppleWebKit/537.36 (KHTML, like Gecko) Chrome/142.0.0.0 Safari/537.36 Edg/142.0.0.0"
::1 - - [13/Nov/2025:18:53:42 +0000] "GET /api/auth/profile HTTP/1.1" 403 38 "http://localhost:3000/" "Mozilla/5.0 (Windows NT 10.0; Win64; x64) AppleWebKit/537.36 (KHTML, like Gecko) Chrome/142.0.0.0 Safari/537.36 Edg/142.0.0.0"
Metrics: {
  connected: true,
  database: 'C:\\Users\\DELL\\Desktop\\ahmed\\stage\\app-stage\\server\\database.sqlite'
}
::1 - - [13/Nov/2025:19:00:10 +0000] "GET /api/auth/profile HTTP/1.1" 200 127 "http://localhost:3000/" "Mozilla/5.0 (Windows NT 10.0; Win64; x64) AppleWebKit/537.36 (KHTML, like Gecko) electron-admin-app/1.0.0 Chrome/120.0.6099.291 Electron/28.3.3 Safari/537.36"
::1 - - [13/Nov/2025:19:00:10 +0000] "GET /api/auth/profile HTTP/1.1" 304 - "http://localhost:3000/" "Mozilla/5.0 (Windows NT 10.0; Win64; x64) AppleWebKit/537.36 (KHTML, like Gecko) electron-admin-app/1.0.0 Chrome/120.0.6099.291 Electron/28.3.3 Safari/537.36"
::1 - - [13/Nov/2025:19:00:11 +0000] "GET /api/dashboard/stats HTTP/1.1" 200 81 "http://localhost:3000/" "Mozilla/5.0 (Windows NT 10.0; Win64; x64) AppleWebKit/537.36 (KHTML, like Gecko) electron-admin-app/1.0.0 Chrome/120.0.6099.291 Electron/28.3.3 Safari/537.36"
::1 - - [13/Nov/2025:19:00:11 +0000] "GET /api/dashboard/stats HTTP/1.1" 304 - "http://localhost:3000/" "Mozilla/5.0 (Windows NT 10.0; Win64; x64) AppleWebKit/537.36 (KHTML, like Gecko) electron-admin-app/1.0.0 Chrome/120.0.6099.291 Electron/28.3.3 Safari/537.36"
::1 - - [13/Nov/2025:19:00:11 +0000] "GET /api/dashboard/charts?range=month HTTP/1.1" 304 - "http://localhost:3000/" "Mozilla/5.0 (Windows NT 10.0; Win64; x64) AppleWebKit/537.36 (KHTML, like Gecko) electron-admin-app/1.0.0 Chrome/120.0.6099.291 Electron/28.3.3 Safari/537.36"
::1 - - [13/Nov/2025:19:00:11 +0000] "GET /api/dashboard/charts?range=month HTTP/1.1" 304 - "http://localhost:3000/" "Mozilla/5.0 (Windows NT 10.0; Win64; x64) AppleWebKit/537.36 (KHTML, like Gecko) electron-admin-app/1.0.0 Chrome/120.0.6099.291 Electron/28.3.3 Safari/537.36"
::1 - - [13/Nov/2025:19:00:11 +0000] "GET /api/dashboard/activity?limit=10 HTTP/1.1" 304 - "http://localhost:3000/" "Mozilla/5.0 (Windows NT 10.0; Win64; x64) AppleWebKit/537.36 (KHTML, like Gecko) electron-admin-app/1.0.0 Chrome/120.0.6099.291 Electron/28.3.3 Safari/537.36"
::1 - - [13/Nov/2025:19:00:11 +0000] "GET /api/dashboard/activity?limit=10 HTTP/1.1" 304 - "http://localhost:3000/" "Mozilla/5.0 (Windows NT 10.0; Win64; x64) AppleWebKit/537.36 (KHTML, like Gecko) electron-admin-app/1.0.0 Chrome/120.0.6099.291 Electron/28.3.3 Safari/537.36"
::1 - - [13/Nov/2025:19:00:19 +0000] "GET /api/candidates HTTP/1.1" 304 - "http://localhost:3000/" "Mozilla/5.0 (Windows NT 10.0; Win64; x64) AppleWebKit/537.36 (KHTML, like Gecko) electron-admin-app/1.0.0 Chrome/120.0.6099.291 Electron/28.3.3 Safari/537.36"
::1 - - [13/Nov/2025:19:00:19 +0000] "GET /api/formations HTTP/1.1" 200 2 "http://localhost:3000/" "Mozilla/5.0 (Windows NT 10.0; Win64; x64) AppleWebKit/537.36 (KHTML, like Gecko) electron-admin-app/1.0.0 Chrome/120.0.6099.291 Electron/28.3.3 Safari/537.36"
::1 - - [13/Nov/2025:19:00:19 +0000] "GET /api/candidates HTTP/1.1" 304 - "http://localhost:3000/" "Mozilla/5.0 (Windows NT 10.0; Win64; x64) AppleWebKit/537.36 (KHTML, like Gecko) electron-admin-app/1.0.0 Chrome/120.0.6099.291 Electron/28.3.3 Safari/537.36"
::1 - - [13/Nov/2025:19:00:19 +0000] "GET /api/formations HTTP/1.1" 304 - "http://localhost:3000/" "Mozilla/5.0 (Windows NT 10.0; Win64; x64) AppleWebKit/537.36 (KHTML, like Gecko) electron-admin-app/1.0.0 Chrome/120.0.6099.291 Electron/28.3.3 Safari/537.36"
::1 - - [13/Nov/2025:19:00:20 +0000] "GET /api/payments HTTP/1.1" 304 - "http://localhost:3000/" "Mozilla/5.0 (Windows NT 10.0; Win64; x64) AppleWebKit/537.36 (KHTML, like Gecko) electron-admin-app/1.0.0 Chrome/120.0.6099.291 Electron/28.3.3 Safari/537.36"
::1 - - [13/Nov/2025:19:00:20 +0000] "GET /api/candidates HTTP/1.1" 304 - "http://localhost:3000/" "Mozilla/5.0 (Windows NT 10.0; Win64; x64) AppleWebKit/537.36 (KHTML, like Gecko) electron-admin-app/1.0.0 Chrome/120.0.6099.291 Electron/28.3.3 Safari/537.36"
::1 - - [13/Nov/2025:19:00:20 +0000] "GET /api/formations HTTP/1.1" 304 - "http://localhost:3000/" "Mozilla/5.0 (Windows NT 10.0; Win64; x64) AppleWebKit/537.36 (KHTML, like Gecko) electron-admin-app/1.0.0 Chrome/120.0.6099.291 Electron/28.3.3 Safari/537.36"
::1 - - [13/Nov/2025:19:00:20 +0000] "GET /api/payments HTTP/1.1" 304 - "http://localhost:3000/" "Mozilla/5.0 (Windows NT 10.0; Win64; x64) AppleWebKit/537.36 (KHTML, like Gecko) electron-admin-app/1.0.0 Chrome/120.0.6099.291 Electron/28.3.3 Safari/537.36"
::1 - - [13/Nov/2025:19:00:20 +0000] "GET /api/candidates HTTP/1.1" 304 - "http://localhost:3000/" "Mozilla/5.0 (Windows NT 10.0; Win64; x64) AppleWebKit/537.36 (KHTML, like Gecko) electron-admin-app/1.0.0 Chrome/120.0.6099.291 Electron/28.3.3 Safari/537.36"
::1 - - [13/Nov/2025:19:00:20 +0000] "GET /api/formations HTTP/1.1" 304 - "http://localhost:3000/" "Mozilla/5.0 (Windows NT 10.0; Win64; x64) AppleWebKit/537.36 (KHTML, like Gecko) electron-admin-app/1.0.0 Chrome/120.0.6099.291 Electron/28.3.3 Safari/537.36"
::1 - - [13/Nov/2025:19:00:23 +0000] "GET /api/candidates HTTP/1.1" 304 - "http://localhost:3000/" "Mozilla/5.0 (Windows NT 10.0; Win64; x64) AppleWebKit/537.36 (KHTML, like Gecko) electron-admin-app/1.0.0 Chrome/120.0.6099.291 Electron/28.3.3 Safari/537.36"
::1 - - [13/Nov/2025:19:00:23 +0000] "GET /api/formations HTTP/1.1" 304 - "http://localhost:3000/" "Mozilla/5.0 (Windows NT 10.0; Win64; x64) AppleWebKit/537.36 (KHTML, like Gecko) electron-admin-app/1.0.0 Chrome/120.0.6099.291 Electron/28.3.3 Safari/537.36"
::1 - - [13/Nov/2025:19:00:23 +0000] "GET /api/candidates HTTP/1.1" 304 - "http://localhost:3000/" "Mozilla/5.0 (Windows NT 10.0; Win64; x64) AppleWebKit/537.36 (KHTML, like Gecko) electron-admin-app/1.0.0 Chrome/120.0.6099.291 Electron/28.3.3 Safari/537.36"
::1 - - [13/Nov/2025:19:00:23 +0000] "GET /api/formations HTTP/1.1" 304 - "http://localhost:3000/" "Mozilla/5.0 (Windows NT 10.0; Win64; x64) AppleWebKit/537.36 (KHTML, like Gecko) electron-admin-app/1.0.0 Chrome/120.0.6099.291 Electron/28.3.3 Safari/537.36"
::1 - - [13/Nov/2025:19:00:26 +0000] "GET /api/dashboard/stats HTTP/1.1" 304 - "http://localhost:3000/" "Mozilla/5.0 (Windows NT 10.0; Win64; x64) AppleWebKit/537.36 (KHTML, like Gecko) electron-admin-app/1.0.0 Chrome/120.0.6099.291 Electron/28.3.3 Safari/537.36"
::1 - - [13/Nov/2025:19:00:26 +0000] "GET /api/dashboard/stats HTTP/1.1" 304 - "http://localhost:3000/" "Mozilla/5.0 (Windows NT 10.0; Win64; x64) AppleWebKit/537.36 (KHTML, like Gecko) electron-admin-app/1.0.0 Chrome/120.0.6099.291 Electron/28.3.3 Safari/537.36"
::1 - - [13/Nov/2025:19:00:26 +0000] "GET /api/dashboard/charts?range=month HTTP/1.1" 304 - "http://localhost:3000/" "Mozilla/5.0 (Windows NT 10.0; Win64; x64) AppleWebKit/537.36 (KHTML, like Gecko) electron-admin-app/1.0.0 Chrome/120.0.6099.291 Electron/28.3.3 Safari/537.36"
::1 - - [13/Nov/2025:19:00:26 +0000] "GET /api/dashboard/charts?range=month HTTP/1.1" 304 - "http://localhost:3000/" "Mozilla/5.0 (Windows NT 10.0; Win64; x64) AppleWebKit/537.36 (KHTML, like Gecko) electron-admin-app/1.0.0 Chrome/120.0.6099.291 Electron/28.3.3 Safari/537.36"
::1 - - [13/Nov/2025:19:00:26 +0000] "GET /api/dashboard/activity?limit=10 HTTP/1.1" 304 - "http://localhost:3000/" "Mozilla/5.0 (Windows NT 10.0; Win64; x64) AppleWebKit/537.36 (KHTML, like Gecko) electron-admin-app/1.0.0 Chrome/120.0.6099.291 Electron/28.3.3 Safari/537.36"
::1 - - [13/Nov/2025:19:00:26 +0000] "GET /api/dashboard/activity?limit=10 HTTP/1.1" 304 - "http://localhost:3000/" "Mozilla/5.0 (Windows NT 10.0; Win64; x64) AppleWebKit/537.36 (KHTML, like Gecko) electron-admin-app/1.0.0 Chrome/120.0.6099.291 Electron/28.3.3 Safari/537.36"
::1 - - [13/Nov/2025:19:00:27 +0000] "GET /api/candidates HTTP/1.1" 304 - "http://localhost:3000/" "Mozilla/5.0 (Windows NT 10.0; Win64; x64) AppleWebKit/537.36 (KHTML, like Gecko) electron-admin-app/1.0.0 Chrome/120.0.6099.291 Electron/28.3.3 Safari/537.36"
::1 - - [13/Nov/2025:19:00:27 +0000] "GET /api/formations HTTP/1.1" 304 - "http://localhost:3000/" "Mozilla/5.0 (Windows NT 10.0; Win64; x64) AppleWebKit/537.36 (KHTML, like Gecko) electron-admin-app/1.0.0 Chrome/120.0.6099.291 Electron/28.3.3 Safari/537.36"
::1 - - [13/Nov/2025:19:00:27 +0000] "GET /api/candidates HTTP/1.1" 304 - "http://localhost:3000/" "Mozilla/5.0 (Windows NT 10.0; Win64; x64) AppleWebKit/537.36 (KHTML, like Gecko) electron-admin-app/1.0.0 Chrome/120.0.6099.291 Electron/28.3.3 Safari/537.36"
::1 - - [13/Nov/2025:19:00:27 +0000] "GET /api/formations HTTP/1.1" 304 - "http://localhost:3000/" "Mozilla/5.0 (Windows NT 10.0; Win64; x64) AppleWebKit/537.36 (KHTML, like Gecko) electron-admin-app/1.0.0 Chrome/120.0.6099.291 Electron/28.3.3 Safari/537.36"
::1 - - [13/Nov/2025:19:00:28 +0000] "GET /api/dashboard/stats HTTP/1.1" 304 - "http://localhost:3000/" "Mozilla/5.0 (Windows NT 10.0; Win64; x64) AppleWebKit/537.36 (KHTML, like Gecko) electron-admin-app/1.0.0 Chrome/120.0.6099.291 Electron/28.3.3 Safari/537.36"
::1 - - [13/Nov/2025:19:00:29 +0000] "GET /api/dashboard/stats HTTP/1.1" 304 - "http://localhost:3000/" "Mozilla/5.0 (Windows NT 10.0; Win64; x64) AppleWebKit/537.36 (KHTML, like Gecko) electron-admin-app/1.0.0 Chrome/120.0.6099.291 Electron/28.3.3 Safari/537.36"
::1 - - [13/Nov/2025:19:00:29 +0000] "GET /api/dashboard/charts?range=month HTTP/1.1" 304 - "http://localhost:3000/" "Mozilla/5.0 (Windows NT 10.0; Win64; x64) AppleWebKit/537.36 (KHTML, like Gecko) electron-admin-app/1.0.0 Chrome/120.0.6099.291 Electron/28.3.3 Safari/537.36"
::1 - - [13/Nov/2025:19:00:30 +0000] "GET /api/dashboard/charts?range=month HTTP/1.1" 304 - "http://localhost:3000/" "Mozilla/5.0 (Windows NT 10.0; Win64; x64) AppleWebKit/537.36 (KHTML, like Gecko) electron-admin-app/1.0.0 Chrome/120.0.6099.291 Electron/28.3.3 Safari/537.36"
::1 - - [13/Nov/2025:19:00:30 +0000] "GET /api/dashboard/activity?limit=10 HTTP/1.1" 304 - "http://localhost:3000/" "Mozilla/5.0 (Windows NT 10.0; Win64; x64) AppleWebKit/537.36 (KHTML, like Gecko) electron-admin-app/1.0.0 Chrome/120.0.6099.291 Electron/28.3.3 Safari/537.36"
::1 - - [13/Nov/2025:19:00:31 +0000] "GET /api/dashboard/activity?limit=10 HTTP/1.1" 304 - "http://localhost:3000/" "Mozilla/5.0 (Windows NT 10.0; Win64; x64) AppleWebKit/537.36 (KHTML, like Gecko) electron-admin-app/1.0.0 Chrome/120.0.6099.291 Electron/28.3.3 Safari/537.36"
::1 - - [13/Nov/2025:19:00:36 +0000] "GET /api/candidates HTTP/1.1" 304 - "http://localhost:3000/" "Mozilla/5.0 (Windows NT 10.0; Win64; x64) AppleWebKit/537.36 (KHTML, like Gecko) electron-admin-app/1.0.0 Chrome/120.0.6099.291 Electron/28.3.3 Safari/537.36"
::1 - - [13/Nov/2025:19:00:37 +0000] "GET /api/formations HTTP/1.1" 304 - "http://localhost:3000/" "Mozilla/5.0 (Windows NT 10.0; Win64; x64) AppleWebKit/537.36 (KHTML, like Gecko) electron-admin-app/1.0.0 Chrome/120.0.6099.291 Electron/28.3.3 Safari/537.36"
::1 - - [13/Nov/2025:19:00:37 +0000] "GET /api/candidates HTTP/1.1" 304 - "http://localhost:3000/" "Mozilla/5.0 (Windows NT 10.0; Win64; x64) AppleWebKit/537.36 (KHTML, like Gecko) electron-admin-app/1.0.0 Chrome/120.0.6099.291 Electron/28.3.3 Safari/537.36"
::1 - - [13/Nov/2025:19:00:38 +0000] "GET /api/formations HTTP/1.1" 304 - "http://localhost:3000/" "Mozilla/5.0 (Windows NT 10.0; Win64; x64) AppleWebKit/537.36 (KHTML, like Gecko) electron-admin-app/1.0.0 Chrome/120.0.6099.291 Electron/28.3.3 Safari/537.36"
::1 - - [13/Nov/2025:19:00:39 +0000] "GET /api/payments HTTP/1.1" 304 - "http://localhost:3000/" "Mozilla/5.0 (Windows NT 10.0; Win64; x64) AppleWebKit/537.36 (KHTML, like Gecko) electron-admin-app/1.0.0 Chrome/120.0.6099.291 Electron/28.3.3 Safari/537.36"
::1 - - [13/Nov/2025:19:00:40 +0000] "GET /api/candidates HTTP/1.1" 304 - "http://localhost:3000/" "Mozilla/5.0 (Windows NT 10.0; Win64; x64) AppleWebKit/537.36 (KHTML, like Gecko) electron-admin-app/1.0.0 Chrome/120.0.6099.291 Electron/28.3.3 Safari/537.36"
::1 - - [13/Nov/2025:19:00:40 +0000] "GET /api/formations HTTP/1.1" 304 - "http://localhost:3000/" "Mozilla/5.0 (Windows NT 10.0; Win64; x64) AppleWebKit/537.36 (KHTML, like Gecko) electron-admin-app/1.0.0 Chrome/120.0.6099.291 Electron/28.3.3 Safari/537.36"
::1 - - [13/Nov/2025:19:00:41 +0000] "GET /api/payments HTTP/1.1" 304 - "http://localhost:3000/" "Mozilla/5.0 (Windows NT 10.0; Win64; x64) AppleWebKit/537.36 (KHTML, like Gecko) electron-admin-app/1.0.0 Chrome/120.0.6099.291 Electron/28.3.3 Safari/537.36"
::1 - - [13/Nov/2025:19:00:41 +0000] "GET /api/candidates HTTP/1.1" 304 - "http://localhost:3000/" "Mozilla/5.0 (Windows NT 10.0; Win64; x64) AppleWebKit/537.36 (KHTML, like Gecko) electron-admin-app/1.0.0 Chrome/120.0.6099.291 Electron/28.3.3 Safari/537.36"
::1 - - [13/Nov/2025:19:00:42 +0000] "GET /api/formations HTTP/1.1" 304 - "http://localhost:3000/" "Mozilla/5.0 (Windows NT 10.0; Win64; x64) AppleWebKit/537.36 (KHTML, like Gecko) electron-admin-app/1.0.0 Chrome/120.0.6099.291 Electron/28.3.3 Safari/537.36"
::1 - - [13/Nov/2025:19:00:44 +0000] "GET /api/formations HTTP/1.1" 304 - "http://localhost:3000/" "Mozilla/5.0 (Windows NT 10.0; Win64; x64) AppleWebKit/537.36 (KHTML, like Gecko) electron-admin-app/1.0.0 Chrome/120.0.6099.291 Electron/28.3.3 Safari/537.36"
::1 - - [13/Nov/2025:19:00:44 +0000] "GET /api/formations HTTP/1.1" 304 - "http://localhost:3000/" "Mozilla/5.0 (Windows NT 10.0; Win64; x64) AppleWebKit/537.36 (KHTML, like Gecko) electron-admin-app/1.0.0 Chrome/120.0.6099.291 Electron/28.3.3 Safari/537.36"
::1 - - [13/Nov/2025:19:00:45 +0000] "GET /api/certificates HTTP/1.1" 304 - "http://localhost:3000/" "Mozilla/5.0 (Windows NT 10.0; Win64; x64) AppleWebKit/537.36 (KHTML, like Gecko) electron-admin-app/1.0.0 Chrome/120.0.6099.291 Electron/28.3.3 Safari/537.36"
::1 - - [13/Nov/2025:19:00:46 +0000] "GET /api/candidates HTTP/1.1" 304 - "http://localhost:3000/" "Mozilla/5.0 (Windows NT 10.0; Win64; x64) AppleWebKit/537.36 (KHTML, like Gecko) electron-admin-app/1.0.0 Chrome/120.0.6099.291 Electron/28.3.3 Safari/537.36"
::1 - - [13/Nov/2025:19:00:47 +0000] "GET /api/formations HTTP/1.1" 304 - "http://localhost:3000/" "Mozilla/5.0 (Windows NT 10.0; Win64; x64) AppleWebKit/537.36 (KHTML, like Gecko) electron-admin-app/1.0.0 Chrome/120.0.6099.291 Electron/28.3.3 Safari/537.36"
::1 - - [13/Nov/2025:19:00:47 +0000] "GET /api/certificates HTTP/1.1" 304 - "http://localhost:3000/" "Mozilla/5.0 (Windows NT 10.0; Win64; x64) AppleWebKit/537.36 (KHTML, like Gecko) electron-admin-app/1.0.0 Chrome/120.0.6099.291 Electron/28.3.3 Safari/537.36"
::1 - - [13/Nov/2025:19:00:48 +0000] "GET /api/candidates HTTP/1.1" 304 - "http://localhost:3000/" "Mozilla/5.0 (Windows NT 10.0; Win64; x64) AppleWebKit/537.36 (KHTML, like Gecko) electron-admin-app/1.0.0 Chrome/120.0.6099.291 Electron/28.3.3 Safari/537.36"
::1 - - [13/Nov/2025:19:00:48 +0000] "GET /api/formations HTTP/1.1" 304 - "http://localhost:3000/" "Mozilla/5.0 (Windows NT 10.0; Win64; x64) AppleWebKit/537.36 (KHTML, like Gecko) electron-admin-app/1.0.0 Chrome/120.0.6099.291 Electron/28.3.3 Safari/537.36"
::1 - - [13/Nov/2025:19:00:50 +0000] "GET /api/notifications HTTP/1.1" 304 - "http://localhost:3000/" "Mozilla/5.0 (Windows NT 10.0; Win64; x64) AppleWebKit/537.36 (KHTML, like Gecko) electron-admin-app/1.0.0 Chrome/120.0.6099.291 Electron/28.3.3 Safari/537.36"
::1 - - [13/Nov/2025:19:00:51 +0000] "GET /api/notifications HTTP/1.1" 304 - "http://localhost:3000/" "Mozilla/5.0 (Windows NT 10.0; Win64; x64) AppleWebKit/537.36 (KHTML, like Gecko) electron-admin-app/1.0.0 Chrome/120.0.6099.291 Electron/28.3.3 Safari/537.36"
::1 - - [13/Nov/2025:19:00:52 +0000] "GET /api/settings HTTP/1.1" 200 59 "http://localhost:3000/" "Mozilla/5.0 (Windows NT 10.0; Win64; x64) AppleWebKit/537.36 (KHTML, like Gecko) electron-admin-app/1.0.0 Chrome/120.0.6099.291 Electron/28.3.3 Safari/537.36"
::1 - - [13/Nov/2025:19:00:53 +0000] "GET /api/settings HTTP/1.1" 304 - "http://localhost:3000/" "Mozilla/5.0 (Windows NT 10.0; Win64; x64) AppleWebKit/537.36 (KHTML, like Gecko) electron-admin-app/1.0.0 Chrome/120.0.6099.291 Electron/28.3.3 Safari/537.36"
::1 - - [13/Nov/2025:19:01:07 +0000] "POST /api/auth/logout HTTP/1.1" 200 37 "http://localhost:3000/" "Mozilla/5.0 (Windows NT 10.0; Win64; x64) AppleWebKit/537.36 (KHTML, like Gecko) electron-admin-app/1.0.0 Chrome/120.0.6099.291 Electron/28.3.3 Safari/537.36"
::1 - - [13/Nov/2025:19:01:55 +0000] "POST /api/auth/register HTTP/1.1" 201 216 "http://localhost:3000/" "Mozilla/5.0 (Windows NT 10.0; Win64; x64) AppleWebKit/537.36 (KHTML, like Gecko) electron-admin-app/1.0.0 Chrome/120.0.6099.291 Electron/28.3.3 Safari/537.36"
::1 - - [13/Nov/2025:19:01:55 +0000] "GET /api/auth/profile HTTP/1.1" 200 134 "http://localhost:3000/" "Mozilla/5.0 (Windows NT 10.0; Win64; x64) AppleWebKit/537.36 (KHTML, like Gecko) electron-admin-app/1.0.0 Chrome/120.0.6099.291 Electron/28.3.3 Safari/537.36"
::1 - - [13/Nov/2025:19:01:56 +0000] "GET /api/dashboard/stats HTTP/1.1" 304 - "http://localhost:3000/" "Mozilla/5.0 (Windows NT 10.0; Win64; x64) AppleWebKit/537.36 (KHTML, like Gecko) electron-admin-app/1.0.0 Chrome/120.0.6099.291 Electron/28.3.3 Safari/537.36"
::1 - - [13/Nov/2025:19:01:56 +0000] "GET /api/dashboard/stats HTTP/1.1" 304 - "http://localhost:3000/" "Mozilla/5.0 (Windows NT 10.0; Win64; x64) AppleWebKit/537.36 (KHTML, like Gecko) electron-admin-app/1.0.0 Chrome/120.0.6099.291 Electron/28.3.3 Safari/537.36"
::1 - - [13/Nov/2025:19:01:57 +0000] "GET /api/dashboard/charts?range=month HTTP/1.1" 304 - "http://localhost:3000/" "Mozilla/5.0 (Windows NT 10.0; Win64; x64) AppleWebKit/537.36 (KHTML, like Gecko) electron-admin-app/1.0.0 Chrome/120.0.6099.291 Electron/28.3.3 Safari/537.36"
::1 - - [13/Nov/2025:19:01:57 +0000] "GET /api/dashboard/charts?range=month HTTP/1.1" 304 - "http://localhost:3000/" "Mozilla/5.0 (Windows NT 10.0; Win64; x64) AppleWebKit/537.36 (KHTML, like Gecko) electron-admin-app/1.0.0 Chrome/120.0.6099.291 Electron/28.3.3 Safari/537.36"
Metrics: {
  connected: true,
  database: 'C:\\Users\\DELL\\Desktop\\ahmed\\stage\\app-stage\\server\\database.sqlite'
}
::1 - - [13/Nov/2025:19:01:58 +0000] "GET /api/dashboard/activity?limit=10 HTTP/1.1" 304 - "http://localhost:3000/" "Mozilla/5.0 (Windows NT 10.0; Win64; x64) AppleWebKit/537.36 (KHTML, like Gecko) electron-admin-app/1.0.0 Chrome/120.0.6099.291 Electron/28.3.3 Safari/537.36"
::1 - - [13/Nov/2025:19:01:58 +0000] "GET /api/dashboard/activity?limit=10 HTTP/1.1" 304 - "http://localhost:3000/" "Mozilla/5.0 (Windows NT 10.0; Win64; x64) AppleWebKit/537.36 (KHTML, like Gecko) electron-admin-app/1.0.0 Chrome/120.0.6099.291 Electron/28.3.3 Safari/537.36"
::1 - - [13/Nov/2025:19:02:45 +0000] "GET /api/candidates HTTP/1.1" 304 - "http://localhost:3000/" "Mozilla/5.0 (Windows NT 10.0; Win64; x64) AppleWebKit/537.36 (KHTML, like Gecko) electron-admin-app/1.0.0 Chrome/120.0.6099.291 Electron/28.3.3 Safari/537.36"
::1 - - [13/Nov/2025:19:02:46 +0000] "GET /api/formations HTTP/1.1" 304 - "http://localhost:3000/" "Mozilla/5.0 (Windows NT 10.0; Win64; x64) AppleWebKit/537.36 (KHTML, like Gecko) electron-admin-app/1.0.0 Chrome/120.0.6099.291 Electron/28.3.3 Safari/537.36"
::1 - - [13/Nov/2025:19:02:47 +0000] "GET /api/candidates HTTP/1.1" 304 - "http://localhost:3000/" "Mozilla/5.0 (Windows NT 10.0; Win64; x64) AppleWebKit/537.36 (KHTML, like Gecko) electron-admin-app/1.0.0 Chrome/120.0.6099.291 Electron/28.3.3 Safari/537.36"
::1 - - [13/Nov/2025:19:02:47 +0000] "GET /api/formations HTTP/1.1" 304 - "http://localhost:3000/" "Mozilla/5.0 (Windows NT 10.0; Win64; x64) AppleWebKit/537.36 (KHTML, like Gecko) electron-admin-app/1.0.0 Chrome/120.0.6099.291 Electron/28.3.3 Safari/537.36"
::1 - - [13/Nov/2025:19:02:48 +0000] "GET /api/dashboard/stats HTTP/1.1" 304 - "http://localhost:3000/" "Mozilla/5.0 (Windows NT 10.0; Win64; x64) AppleWebKit/537.36 (KHTML, like Gecko) electron-admin-app/1.0.0 Chrome/120.0.6099.291 Electron/28.3.3 Safari/537.36"
::1 - - [13/Nov/2025:19:02:49 +0000] "GET /api/dashboard/stats HTTP/1.1" 304 - "http://localhost:3000/" "Mozilla/5.0 (Windows NT 10.0; Win64; x64) AppleWebKit/537.36 (KHTML, like Gecko) electron-admin-app/1.0.0 Chrome/120.0.6099.291 Electron/28.3.3 Safari/537.36"
::1 - - [13/Nov/2025:19:02:49 +0000] "GET /api/dashboard/charts?range=month HTTP/1.1" 304 - "http://localhost:3000/" "Mozilla/5.0 (Windows NT 10.0; Win64; x64) AppleWebKit/537.36 (KHTML, like Gecko) electron-admin-app/1.0.0 Chrome/120.0.6099.291 Electron/28.3.3 Safari/537.36"
::1 - - [13/Nov/2025:19:02:50 +0000] "GET /api/dashboard/charts?range=month HTTP/1.1" 304 - "http://localhost:3000/" "Mozilla/5.0 (Windows NT 10.0; Win64; x64) AppleWebKit/537.36 (KHTML, like Gecko) electron-admin-app/1.0.0 Chrome/120.0.6099.291 Electron/28.3.3 Safari/537.36"
::1 - - [13/Nov/2025:19:02:50 +0000] "GET /api/dashboard/activity?limit=10 HTTP/1.1" 304 - "http://localhost:3000/" "Mozilla/5.0 (Windows NT 10.0; Win64; x64) AppleWebKit/537.36 (KHTML, like Gecko) electron-admin-app/1.0.0 Chrome/120.0.6099.291 Electron/28.3.3 Safari/537.36"
::1 - - [13/Nov/2025:19:02:51 +0000] "GET /api/dashboard/activity?limit=10 HTTP/1.1" 304 - "http://localhost:3000/" "Mozilla/5.0 (Windows NT 10.0; Win64; x64) AppleWebKit/537.36 (KHTML, like Gecko) electron-admin-app/1.0.0 Chrome/120.0.6099.291 Electron/28.3.3 Safari/537.36"
::1 - - [13/Nov/2025:19:02:52 +0000] "GET /api/candidates HTTP/1.1" 304 - "http://localhost:3000/" "Mozilla/5.0 (Windows NT 10.0; Win64; x64) AppleWebKit/537.36 (KHTML, like Gecko) electron-admin-app/1.0.0 Chrome/120.0.6099.291 Electron/28.3.3 Safari/537.36"
::1 - - [13/Nov/2025:19:02:53 +0000] "GET /api/formations HTTP/1.1" 304 - "http://localhost:3000/" "Mozilla/5.0 (Windows NT 10.0; Win64; x64) AppleWebKit/537.36 (KHTML, like Gecko) electron-admin-app/1.0.0 Chrome/120.0.6099.291 Electron/28.3.3 Safari/537.36"
::1 - - [13/Nov/2025:19:02:54 +0000] "GET /api/candidates HTTP/1.1" 304 - "http://localhost:3000/" "Mozilla/5.0 (Windows NT 10.0; Win64; x64) AppleWebKit/537.36 (KHTML, like Gecko) electron-admin-app/1.0.0 Chrome/120.0.6099.291 Electron/28.3.3 Safari/537.36"
::1 - - [13/Nov/2025:19:02:54 +0000] "GET /api/formations HTTP/1.1" 304 - "http://localhost:3000/" "Mozilla/5.0 (Windows NT 10.0; Win64; x64) AppleWebKit/537.36 (KHTML, like Gecko) electron-admin-app/1.0.0 Chrome/120.0.6099.291 Electron/28.3.3 Safari/537.36"
::1 - - [13/Nov/2025:19:03:28 +0000] "POST /api/candidates HTTP/1.1" 201 218 "http://localhost:3000/" "Mozilla/5.0 (Windows NT 10.0; Win64; x64) AppleWebKit/537.36 (KHTML, like Gecko) electron-admin-app/1.0.0 Chrome/120.0.6099.291 Electron/28.3.3 Safari/537.36"
::1 - - [13/Nov/2025:19:03:28 +0000] "GET /api/candidates HTTP/1.1" 200 220 "http://localhost:3000/" "Mozilla/5.0 (Windows NT 10.0; Win64; x64) AppleWebKit/537.36 (KHTML, like Gecko) electron-admin-app/1.0.0 Chrome/120.0.6099.291 Electron/28.3.3 Safari/537.36"
::1 - - [13/Nov/2025:19:03:28 +0000] "GET /api/formations HTTP/1.1" 304 - "http://localhost:3000/" "Mozilla/5.0 (Windows NT 10.0; Win64; x64) AppleWebKit/537.36 (KHTML, like Gecko) electron-admin-app/1.0.0 Chrome/120.0.6099.291 Electron/28.3.3 Safari/537.36"
::1 - - [13/Nov/2025:19:03:31 +0000] "GET /api/formations HTTP/1.1" 304 - "http://localhost:3000/" "Mozilla/5.0 (Windows NT 10.0; Win64; x64) AppleWebKit/537.36 (KHTML, like Gecko) electron-admin-app/1.0.0 Chrome/120.0.6099.291 Electron/28.3.3 Safari/537.36"
::1 - - [13/Nov/2025:19:03:31 +0000] "GET /api/formations HTTP/1.1" 304 - "http://localhost:3000/" "Mozilla/5.0 (Windows NT 10.0; Win64; x64) AppleWebKit/537.36 (KHTML, like Gecko) electron-admin-app/1.0.0 Chrome/120.0.6099.291 Electron/28.3.3 Safari/537.36"
::1 - - [13/Nov/2025:19:04:08 +0000] "POST /api/formations HTTP/1.1" 201 194 "http://localhost:3000/" "Mozilla/5.0 (Windows NT 10.0; Win64; x64) AppleWebKit/537.36 (KHTML, like Gecko) electron-admin-app/1.0.0 Chrome/120.0.6099.291 Electron/28.3.3 Safari/537.36"
::1 - - [13/Nov/2025:19:04:08 +0000] "GET /api/formations HTTP/1.1" 200 196 "http://localhost:3000/" "Mozilla/5.0 (Windows NT 10.0; Win64; x64) AppleWebKit/537.36 (KHTML, like Gecko) electron-admin-app/1.0.0 Chrome/120.0.6099.291 Electron/28.3.3 Safari/537.36"
::1 - - [13/Nov/2025:19:04:10 +0000] "GET /api/candidates HTTP/1.1" 304 - "http://localhost:3000/" "Mozilla/5.0 (Windows NT 10.0; Win64; x64) AppleWebKit/537.36 (KHTML, like Gecko) electron-admin-app/1.0.0 Chrome/120.0.6099.291 Electron/28.3.3 Safari/537.36"
::1 - - [13/Nov/2025:19:04:10 +0000] "GET /api/formations HTTP/1.1" 304 - "http://localhost:3000/" "Mozilla/5.0 (Windows NT 10.0; Win64; x64) AppleWebKit/537.36 (KHTML, like Gecko) electron-admin-app/1.0.0 Chrome/120.0.6099.291 Electron/28.3.3 Safari/537.36"
::1 - - [13/Nov/2025:19:04:10 +0000] "GET /api/candidates HTTP/1.1" 304 - "http://localhost:3000/" "Mozilla/5.0 (Windows NT 10.0; Win64; x64) AppleWebKit/537.36 (KHTML, like Gecko) electron-admin-app/1.0.0 Chrome/120.0.6099.291 Electron/28.3.3 Safari/537.36"
::1 - - [13/Nov/2025:19:04:10 +0000] "GET /api/formations HTTP/1.1" 304 - "http://localhost:3000/" "Mozilla/5.0 (Windows NT 10.0; Win64; x64) AppleWebKit/537.36 (KHTML, like Gecko) electron-admin-app/1.0.0 Chrome/120.0.6099.291 Electron/28.3.3 Safari/537.36"
::1 - - [13/Nov/2025:19:04:29 +0000] "PUT /api/candidates/1 HTTP/1.1" 500 38 "http://localhost:3000/" "Mozilla/5.0 (Windows NT 10.0; Win64; x64) AppleWebKit/537.36 (KHTML, like Gecko) electron-admin-app/1.0.0 Chrome/120.0.6099.291 Electron/28.3.3 Safari/537.36"
::1 - - [13/Nov/2025:19:04:31 +0000] "PUT /api/candidates/1 HTTP/1.1" 500 38 "http://localhost:3000/" "Mozilla/5.0 (Windows NT 10.0; Win64; x64) AppleWebKit/537.36 (KHTML, like Gecko) electron-admin-app/1.0.0 Chrome/120.0.6099.291 Electron/28.3.3 Safari/537.36"
::1 - - [13/Nov/2025:19:04:33 +0000] "PUT /api/candidates/1 HTTP/1.1" 500 38 "http://localhost:3000/" "Mozilla/5.0 (Windows NT 10.0; Win64; x64) AppleWebKit/537.36 (KHTML, like Gecko) electron-admin-app/1.0.0 Chrome/120.0.6099.291 Electron/28.3.3 Safari/537.36"
::1 - - [13/Nov/2025:19:04:38 +0000] "PUT /api/candidates/1 HTTP/1.1" 500 38 "http://localhost:3000/" "Mozilla/5.0 (Windows NT 10.0; Win64; x64) AppleWebKit/537.36 (KHTML, like Gecko) electron-admin-app/1.0.0 Chrome/120.0.6099.291 Electron/28.3.3 Safari/537.36"
::1 - - [13/Nov/2025:19:04:45 +0000] "GET /api/candidates HTTP/1.1" 304 - "http://localhost:3000/" "Mozilla/5.0 (Windows NT 10.0; Win64; x64) AppleWebKit/537.36 (KHTML, like Gecko) electron-admin-app/1.0.0 Chrome/120.0.6099.291 Electron/28.3.3 Safari/537.36"
::1 - - [13/Nov/2025:19:04:45 +0000] "GET /api/formations HTTP/1.1" 304 - "http://localhost:3000/" "Mozilla/5.0 (Windows NT 10.0; Win64; x64) AppleWebKit/537.36 (KHTML, like Gecko) electron-admin-app/1.0.0 Chrome/120.0.6099.291 Electron/28.3.3 Safari/537.36"
::1 - - [13/Nov/2025:19:04:48 +0000] "GET /api/certificates HTTP/1.1" 304 - "http://localhost:3000/" "Mozilla/5.0 (Windows NT 10.0; Win64; x64) AppleWebKit/537.36 (KHTML, like Gecko) electron-admin-app/1.0.0 Chrome/120.0.6099.291 Electron/28.3.3 Safari/537.36"
::1 - - [13/Nov/2025:19:04:48 +0000] "GET /api/candidates HTTP/1.1" 304 - "http://localhost:3000/" "Mozilla/5.0 (Windows NT 10.0; Win64; x64) AppleWebKit/537.36 (KHTML, like Gecko) electron-admin-app/1.0.0 Chrome/120.0.6099.291 Electron/28.3.3 Safari/537.36"
::1 - - [13/Nov/2025:19:04:48 +0000] "GET /api/formations HTTP/1.1" 304 - "http://localhost:3000/" "Mozilla/5.0 (Windows NT 10.0; Win64; x64) AppleWebKit/537.36 (KHTML, like Gecko) electron-admin-app/1.0.0 Chrome/120.0.6099.291 Electron/28.3.3 Safari/537.36"
::1 - - [13/Nov/2025:19:04:48 +0000] "GET /api/certificates HTTP/1.1" 304 - "http://localhost:3000/" "Mozilla/5.0 (Windows NT 10.0; Win64; x64) AppleWebKit/537.36 (KHTML, like Gecko) electron-admin-app/1.0.0 Chrome/120.0.6099.291 Electron/28.3.3 Safari/537.36"
::1 - - [13/Nov/2025:19:04:49 +0000] "GET /api/candidates HTTP/1.1" 304 - "http://localhost:3000/" "Mozilla/5.0 (Windows NT 10.0; Win64; x64) AppleWebKit/537.36 (KHTML, like Gecko) electron-admin-app/1.0.0 Chrome/120.0.6099.291 Electron/28.3.3 Safari/537.36"
::1 - - [13/Nov/2025:19:04:49 +0000] "GET /api/formations HTTP/1.1" 304 - "http://localhost:3000/" "Mozilla/5.0 (Windows NT 10.0; Win64; x64) AppleWebKit/537.36 (KHTML, like Gecko) electron-admin-app/1.0.0 Chrome/120.0.6099.291 Electron/28.3.3 Safari/537.36"
::1 - - [13/Nov/2025:19:04:59 +0000] "POST /api/certificates HTTP/1.1" 201 161 "http://localhost:3000/" "Mozilla/5.0 (Windows NT 10.0; Win64; x64) AppleWebKit/537.36 (KHTML, like Gecko) electron-admin-app/1.0.0 Chrome/120.0.6099.291 Electron/28.3.3 Safari/537.36"
::1 - - [13/Nov/2025:19:04:59 +0000] "GET /api/certificates HTTP/1.1" 200 163 "http://localhost:3000/" "Mozilla/5.0 (Windows NT 10.0; Win64; x64) AppleWebKit/537.36 (KHTML, like Gecko) electron-admin-app/1.0.0 Chrome/120.0.6099.291 Electron/28.3.3 Safari/537.36"
::1 - - [13/Nov/2025:19:04:59 +0000] "GET /api/candidates HTTP/1.1" 304 - "http://localhost:3000/" "Mozilla/5.0 (Windows NT 10.0; Win64; x64) AppleWebKit/537.36 (KHTML, like Gecko) electron-admin-app/1.0.0 Chrome/120.0.6099.291 Electron/28.3.3 Safari/537.36"
::1 - - [13/Nov/2025:19:04:59 +0000] "GET /api/formations HTTP/1.1" 304 - "http://localhost:3000/" "Mozilla/5.0 (Windows NT 10.0; Win64; x64) AppleWebKit/537.36 (KHTML, like Gecko) electron-admin-app/1.0.0 Chrome/120.0.6099.291 Electron/28.3.3 Safari/537.36"
::1 - - [13/Nov/2025:19:05:08 +0000] "GET /api/certificates/1/pdf HTTP/1.1" 200 213 "http://localhost:3000/" "Mozilla/5.0 (Windows NT 10.0; Win64; x64) AppleWebKit/537.36 (KHTML, like Gecko) electron-admin-app/1.0.0 Chrome/120.0.6099.291 Electron/28.3.3 Safari/537.36"
::1 - - [13/Nov/2025:19:05:37 +0000] "GET /api/formations HTTP/1.1" 304 - "http://localhost:3000/" "Mozilla/5.0 (Windows NT 10.0; Win64; x64) AppleWebKit/537.36 (KHTML, like Gecko) electron-admin-app/1.0.0 Chrome/120.0.6099.291 Electron/28.3.3 Safari/537.36"
::1 - - [13/Nov/2025:19:05:37 +0000] "GET /api/formations HTTP/1.1" 304 - "http://localhost:3000/" "Mozilla/5.0 (Windows NT 10.0; Win64; x64) AppleWebKit/537.36 (KHTML, like Gecko) electron-admin-app/1.0.0 Chrome/120.0.6099.291 Electron/28.3.3 Safari/537.36"
::1 - - [13/Nov/2025:19:05:40 +0000] "DELETE /api/formations/1 HTTP/1.1" 200 44 "http://localhost:3000/" "Mozilla/5.0 (Windows NT 10.0; Win64; x64) AppleWebKit/537.36 (KHTML, like Gecko) electron-admin-app/1.0.0 Chrome/120.0.6099.291 Electron/28.3.3 Safari/537.36"
::1 - - [13/Nov/2025:19:05:40 +0000] "GET /api/formations HTTP/1.1" 200 2 "http://localhost:3000/" "Mozilla/5.0 (Windows NT 10.0; Win64; x64) AppleWebKit/537.36 (KHTML, like Gecko) electron-admin-app/1.0.0 Chrome/120.0.6099.291 Electron/28.3.3 Safari/537.36"
::1 - - [13/Nov/2025:19:05:41 +0000] "GET /api/payments HTTP/1.1" 304 - "http://localhost:3000/" "Mozilla/5.0 (Windows NT 10.0; Win64; x64) AppleWebKit/537.36 (KHTML, like Gecko) electron-admin-app/1.0.0 Chrome/120.0.6099.291 Electron/28.3.3 Safari/537.36"
::1 - - [13/Nov/2025:19:05:41 +0000] "GET /api/candidates HTTP/1.1" 304 - "http://localhost:3000/" "Mozilla/5.0 (Windows NT 10.0; Win64; x64) AppleWebKit/537.36 (KHTML, like Gecko) electron-admin-app/1.0.0 Chrome/120.0.6099.291 Electron/28.3.3 Safari/537.36"
::1 - - [13/Nov/2025:19:05:41 +0000] "GET /api/formations HTTP/1.1" 304 - "http://localhost:3000/" "Mozilla/5.0 (Windows NT 10.0; Win64; x64) AppleWebKit/537.36 (KHTML, like Gecko) electron-admin-app/1.0.0 Chrome/120.0.6099.291 Electron/28.3.3 Safari/537.36"
::1 - - [13/Nov/2025:19:05:41 +0000] "GET /api/payments HTTP/1.1" 304 - "http://localhost:3000/" "Mozilla/5.0 (Windows NT 10.0; Win64; x64) AppleWebKit/537.36 (KHTML, like Gecko) electron-admin-app/1.0.0 Chrome/120.0.6099.291 Electron/28.3.3 Safari/537.36"
::1 - - [13/Nov/2025:19:05:42 +0000] "GET /api/candidates HTTP/1.1" 304 - "http://localhost:3000/" "Mozilla/5.0 (Windows NT 10.0; Win64; x64) AppleWebKit/537.36 (KHTML, like Gecko) electron-admin-app/1.0.0 Chrome/120.0.6099.291 Electron/28.3.3 Safari/537.36"
::1 - - [13/Nov/2025:19:05:42 +0000] "GET /api/formations HTTP/1.1" 304 - "http://localhost:3000/" "Mozilla/5.0 (Windows NT 10.0; Win64; x64) AppleWebKit/537.36 (KHTML, like Gecko) electron-admin-app/1.0.0 Chrome/120.0.6099.291 Electron/28.3.3 Safari/537.36"
::1 - - [13/Nov/2025:19:05:42 +0000] "GET /api/candidates HTTP/1.1" 304 - "http://localhost:3000/" "Mozilla/5.0 (Windows NT 10.0; Win64; x64) AppleWebKit/537.36 (KHTML, like Gecko) electron-admin-app/1.0.0 Chrome/120.0.6099.291 Electron/28.3.3 Safari/537.36"
::1 - - [13/Nov/2025:19:05:42 +0000] "GET /api/formations HTTP/1.1" 304 - "http://localhost:3000/" "Mozilla/5.0 (Windows NT 10.0; Win64; x64) AppleWebKit/537.36 (KHTML, like Gecko) electron-admin-app/1.0.0 Chrome/120.0.6099.291 Electron/28.3.3 Safari/537.36"
::1 - - [13/Nov/2025:19:05:43 +0000] "GET /api/candidates HTTP/1.1" 304 - "http://localhost:3000/" "Mozilla/5.0 (Windows NT 10.0; Win64; x64) AppleWebKit/537.36 (KHTML, like Gecko) electron-admin-app/1.0.0 Chrome/120.0.6099.291 Electron/28.3.3 Safari/537.36"
::1 - - [13/Nov/2025:19:05:43 +0000] "GET /api/formations HTTP/1.1" 304 - "http://localhost:3000/" "Mozilla/5.0 (Windows NT 10.0; Win64; x64) AppleWebKit/537.36 (KHTML, like Gecko) electron-admin-app/1.0.0 Chrome/120.0.6099.291 Electron/28.3.3 Safari/537.36"
::1 - - [13/Nov/2025:19:05:46 +0000] "DELETE /api/candidates/1 HTTP/1.1" 200 44 "http://localhost:3000/" "Mozilla/5.0 (Windows NT 10.0; Win64; x64) AppleWebKit/537.36 (KHTML, like Gecko) electron-admin-app/1.0.0 Chrome/120.0.6099.291 Electron/28.3.3 Safari/537.36"
::1 - - [13/Nov/2025:19:05:46 +0000] "GET /api/candidates HTTP/1.1" 200 2 "http://localhost:3000/" "Mozilla/5.0 (Windows NT 10.0; Win64; x64) AppleWebKit/537.36 (KHTML, like Gecko) electron-admin-app/1.0.0 Chrome/120.0.6099.291 Electron/28.3.3 Safari/537.36"
::1 - - [13/Nov/2025:19:05:46 +0000] "GET /api/formations HTTP/1.1" 304 - "http://localhost:3000/" "Mozilla/5.0 (Windows NT 10.0; Win64; x64) AppleWebKit/537.36 (KHTML, like Gecko) electron-admin-app/1.0.0 Chrome/120.0.6099.291 Electron/28.3.3 Safari/537.36"
::1 - - [13/Nov/2025:19:05:47 +0000] "GET /api/payments HTTP/1.1" 304 - "http://localhost:3000/" "Mozilla/5.0 (Windows NT 10.0; Win64; x64) AppleWebKit/537.36 (KHTML, like Gecko) electron-admin-app/1.0.0 Chrome/120.0.6099.291 Electron/28.3.3 Safari/537.36"
::1 - - [13/Nov/2025:19:05:47 +0000] "GET /api/candidates HTTP/1.1" 304 - "http://localhost:3000/" "Mozilla/5.0 (Windows NT 10.0; Win64; x64) AppleWebKit/537.36 (KHTML, like Gecko) electron-admin-app/1.0.0 Chrome/120.0.6099.291 Electron/28.3.3 Safari/537.36"
::1 - - [13/Nov/2025:19:05:47 +0000] "GET /api/formations HTTP/1.1" 304 - "http://localhost:3000/" "Mozilla/5.0 (Windows NT 10.0; Win64; x64) AppleWebKit/537.36 (KHTML, like Gecko) electron-admin-app/1.0.0 Chrome/120.0.6099.291 Electron/28.3.3 Safari/537.36"
::1 - - [13/Nov/2025:19:05:47 +0000] "GET /api/payments HTTP/1.1" 304 - "http://localhost:3000/" "Mozilla/5.0 (Windows NT 10.0; Win64; x64) AppleWebKit/537.36 (KHTML, like Gecko) electron-admin-app/1.0.0 Chrome/120.0.6099.291 Electron/28.3.3 Safari/537.36"
::1 - - [13/Nov/2025:19:05:47 +0000] "GET /api/candidates HTTP/1.1" 304 - "http://localhost:3000/" "Mozilla/5.0 (Windows NT 10.0; Win64; x64) AppleWebKit/537.36 (KHTML, like Gecko) electron-admin-app/1.0.0 Chrome/120.0.6099.291 Electron/28.3.3 Safari/537.36"
::1 - - [13/Nov/2025:19:05:48 +0000] "GET /api/formations HTTP/1.1" 304 - "http://localhost:3000/" "Mozilla/5.0 (Windows NT 10.0; Win64; x64) AppleWebKit/537.36 (KHTML, like Gecko) electron-admin-app/1.0.0 Chrome/120.0.6099.291 Electron/28.3.3 Safari/537.36"
::1 - - [13/Nov/2025:19:05:49 +0000] "GET /api/candidates HTTP/1.1" 304 - "http://localhost:3000/" "Mozilla/5.0 (Windows NT 10.0; Win64; x64) AppleWebKit/537.36 (KHTML, like Gecko) electron-admin-app/1.0.0 Chrome/120.0.6099.291 Electron/28.3.3 Safari/537.36"
::1 - - [13/Nov/2025:19:05:49 +0000] "GET /api/formations HTTP/1.1" 304 - "http://localhost:3000/" "Mozilla/5.0 (Windows NT 10.0; Win64; x64) AppleWebKit/537.36 (KHTML, like Gecko) electron-admin-app/1.0.0 Chrome/120.0.6099.291 Electron/28.3.3 Safari/537.36"
::1 - - [13/Nov/2025:19:05:50 +0000] "GET /api/candidates HTTP/1.1" 304 - "http://localhost:3000/" "Mozilla/5.0 (Windows NT 10.0; Win64; x64) AppleWebKit/537.36 (KHTML, like Gecko) electron-admin-app/1.0.0 Chrome/120.0.6099.291 Electron/28.3.3 Safari/537.36"
::1 - - [13/Nov/2025:19:05:50 +0000] "GET /api/formations HTTP/1.1" 304 - "http://localhost:3000/" "Mozilla/5.0 (Windows NT 10.0; Win64; x64) AppleWebKit/537.36 (KHTML, like Gecko) electron-admin-app/1.0.0 Chrome/120.0.6099.291 Electron/28.3.3 Safari/537.36"
::1 - - [13/Nov/2025:19:05:51 +0000] "GET /api/dashboard/stats HTTP/1.1" 200 81 "http://localhost:3000/" "Mozilla/5.0 (Windows NT 10.0; Win64; x64) AppleWebKit/537.36 (KHTML, like Gecko) electron-admin-app/1.0.0 Chrome/120.0.6099.291 Electron/28.3.3 Safari/537.36"
::1 - - [13/Nov/2025:19:05:51 +0000] "GET /api/dashboard/stats HTTP/1.1" 304 - "http://localhost:3000/" "Mozilla/5.0 (Windows NT 10.0; Win64; x64) AppleWebKit/537.36 (KHTML, like Gecko) electron-admin-app/1.0.0 Chrome/120.0.6099.291 Electron/28.3.3 Safari/537.36"
::1 - - [13/Nov/2025:19:05:52 +0000] "GET /api/dashboard/charts?range=month HTTP/1.1" 304 - "http://localhost:3000/" "Mozilla/5.0 (Windows NT 10.0; Win64; x64) AppleWebKit/537.36 (KHTML, like Gecko) electron-admin-app/1.0.0 Chrome/120.0.6099.291 Electron/28.3.3 Safari/537.36"
::1 - - [13/Nov/2025:19:05:53 +0000] "GET /api/dashboard/charts?range=month HTTP/1.1" 304 - "http://localhost:3000/" "Mozilla/5.0 (Windows NT 10.0; Win64; x64) AppleWebKit/537.36 (KHTML, like Gecko) electron-admin-app/1.0.0 Chrome/120.0.6099.291 Electron/28.3.3 Safari/537.36"
::1 - - [13/Nov/2025:19:05:53 +0000] "GET /api/dashboard/activity?limit=10 HTTP/1.1" 304 - "http://localhost:3000/" "Mozilla/5.0 (Windows NT 10.0; Win64; x64) AppleWebKit/537.36 (KHTML, like Gecko) electron-admin-app/1.0.0 Chrome/120.0.6099.291 Electron/28.3.3 Safari/537.36"
::1 - - [13/Nov/2025:19:05:54 +0000] "GET /api/dashboard/activity?limit=10 HTTP/1.1" 304 - "http://localhost:3000/" "Mozilla/5.0 (Windows NT 10.0; Win64; x64) AppleWebKit/537.36 (KHTML, like Gecko) electron-admin-app/1.0.0 Chrome/120.0.6099.291 Electron/28.3.3 Safari/537.36"
Metrics: {
  connected: true,
  database: 'C:\\Users\\DELL\\Desktop\\ahmed\\stage\\app-stage\\server\\database.sqlite'
}
::1 - - [13/Nov/2025:19:08:03 +0000] "POST /api/auth/logout HTTP/1.1" 200 37 "http://localhost:3000/" "Mozilla/5.0 (Windows NT 10.0; Win64; x64) AppleWebKit/537.36 (KHTML, like Gecko) electron-admin-app/1.0.0 Chrome/120.0.6099.291 Electron/28.3.3 Safari/537.36"
Metrics: {
  connected: true,
  database: 'C:\\Users\\DELL\\Desktop\\ahmed\\stage\\app-stage\\server\\database.sqlite'
}
